<?xml version="1.0" encoding="UTF-8"?>
<!-- Generated by org.testng.reporters.JUnitReportReporter -->
<testsuite skipped="0" hostname="LAPTOP-1PUKD7H5" name="ServiceLayerTests" tests="26" failures="0" timestamp="2022-04-27T18:39:50 EDT" time="5.474" errors="0">
  <testcase name="testCreateHelpRequestSuccess" time="0.690" classname="ServiceLayerTests"/>
  <system-out/>
  <testcase name="testDoLoginSuccess" time="0.046" classname="ServiceLayerTests"/>
  <system-out/>
  <testcase name="testUpdateTicketNegativeComment" time="0.003" classname="ServiceLayerTests"/>
  <system-out/>
  <testcase name="testCreateHelpTicketSuccess" time="0.534" classname="ServiceLayerTests"/>
  <system-out/>
  <testcase name="testUpdateHelpRequestDescriptionLong" time="0.003" classname="ServiceLayerTests"/>
  <system-out/>
  <testcase name="testUpdatePersonalInfoLastNameSuccess" time="0.288" classname="ServiceLayerTests"/>
  <system-out/>
  <testcase name="testCreateHelpRequestOneAlreadyExists" time="0.001" classname="ServiceLayerTests"/>
  <system-out/>
  <testcase name="viewHelpTicketSuccess" time="0.493" classname="ServiceLayerTests"/>
  <system-out/>
  <testcase name="testDoLoginBadUsername" time="0.002" classname="ServiceLayerTests"/>
  <system-out/>
  <testcase name="testUpdatePersonalInfoTooManyCharacters" time="0.002" classname="ServiceLayerTests"/>
  <system-out/>
  <testcase name="testDoLoginBadPassword" time="0.003" classname="ServiceLayerTests"/>
  <system-out/>
  <testcase name="testUpdateTicketSuccess" time="0.618" classname="ServiceLayerTests"/>
  <system-out/>
  <testcase name="testCreateHelpRequestDescriptionTooLong" time="0.002" classname="ServiceLayerTests"/>
  <system-out/>
  <testcase name="testUpdatePersonalInfoFirstNameSuccess" time="0.329" classname="ServiceLayerTests"/>
  <system-out/>
  <testcase name="testCreateHelpTicketCommentTooLong" time="0.004" classname="ServiceLayerTests"/>
  <system-out/>
  <testcase name="testCreateHelpTicketOneAlreadyExists" time="0.300" classname="ServiceLayerTests"/>
  <system-out/>
  <testcase name="testCreateHelpTicketIncorrectCategory" time="0.003" classname="ServiceLayerTests"/>
  <system-out/>
  <testcase name="testUpdateHelpRequestSuccess" time="0.511" classname="ServiceLayerTests"/>
  <system-out/>
  <testcase name="resolveTicketSuccess" time="0.519" classname="ServiceLayerTests"/>
  <system-out/>
  <testcase name="viewHelpRequestSuccess" time="0.276" classname="ServiceLayerTests"/>
  <system-out/>
  <testcase name="testCancelRecordNotFound" time="0.005" classname="ServiceLayerTests"/>
  <system-out/>
  <testcase name="testCancelHelpRequestSuccess" time="0.277" classname="ServiceLayerTests"/>
  <system-out/>
  <testcase name="testUpdateHelpRequestNoRecord" time="0.002" classname="ServiceLayerTests"/>
  <system-out/>
  <testcase name="testViewHelpRequestNoRecord" time="0.277" classname="ServiceLayerTests"/>
  <system-out/>
  <testcase name="viewHelpTicketNoOpenTicket" time="0.280" classname="ServiceLayerTests"/>
  <system-out/>
  <testcase name="testUpdateTicketNoTicket" time="0.006" classname="ServiceLayerTests"/>
  <system-out/>
</testsuite> <!-- ServiceLayerTests -->
