<?xml version="1.0" encoding="UTF-8"?>
<!-- Generated by org.testng.reporters.JUnitReportReporter -->
<testsuite skipped="0" hostname="LAPTOP-1PUKD7H5" name="ServiceLayerTests" tests="26" failures="0" timestamp="2022-04-27T17:01:38 EDT" time="5.157" errors="0">
  <testcase name="testUpdateTicketNegativeComment" time="0.001" classname="ServiceLayerTests"/>
  <system-out/>
  <testcase name="testCreateHelpRequestSuccess" time="0.540" classname="ServiceLayerTests"/>
  <system-out/>
  <testcase name="testDoLoginSuccess" time="0.020" classname="ServiceLayerTests"/>
  <system-out/>
  <testcase name="testUpdatePersonalInfoLastNameSuccess" time="0.278" classname="ServiceLayerTests"/>
  <system-out/>
  <testcase name="testUpdatePersonalInfoFirstNameSuccess" time="0.236" classname="ServiceLayerTests"/>
  <system-out/>
  <testcase name="testDoLoginBadUsername" time="0.002" classname="ServiceLayerTests"/>
  <system-out/>
  <testcase name="testUpdateTicketSuccess" time="0.510" classname="ServiceLayerTests"/>
  <system-out/>
  <testcase name="testCreateHelpTicketSuccess" time="0.483" classname="ServiceLayerTests"/>
  <system-out/>
  <testcase name="testUpdatePersonalInfoTooManyCharacters" time="0.006" classname="ServiceLayerTests"/>
  <system-out/>
  <testcase name="testDoLoginBadPassword" time="0.001" classname="ServiceLayerTests"/>
  <system-out/>
  <testcase name="testUpdateHelpRequestDescriptionLong" time="0.002" classname="ServiceLayerTests"/>
  <system-out/>
  <testcase name="testCreateHelpRequestOneAlreadyExists" time="0.002" classname="ServiceLayerTests"/>
  <system-out/>
  <testcase name="testCreateHelpRequestDescriptionTooLong" time="0.001" classname="ServiceLayerTests"/>
  <system-out/>
  <testcase name="viewHelpTicketSuccess" time="0.375" classname="ServiceLayerTests"/>
  <system-out/>
  <testcase name="testCreateHelpTicketCommentTooLong" time="0.001" classname="ServiceLayerTests"/>
  <system-out/>
  <testcase name="testCreateHelpTicketOneAlreadyExists" time="0.438" classname="ServiceLayerTests"/>
  <system-out/>
  <testcase name="testUpdateHelpRequestSuccess" time="0.787" classname="ServiceLayerTests"/>
  <system-out/>
  <testcase name="testCreateHelpTicketIncorrectCategory" time="0.001" classname="ServiceLayerTests"/>
  <system-out/>
  <testcase name="resolveTicketSuccess" time="0.490" classname="ServiceLayerTests"/>
  <system-out/>
  <testcase name="viewHelpRequestSuccess" time="0.239" classname="ServiceLayerTests"/>
  <system-out/>
  <testcase name="testViewHelpRequestNoRecord" time="0.247" classname="ServiceLayerTests"/>
  <system-out/>
  <testcase name="testCancelRecordNotFound" time="0.003" classname="ServiceLayerTests"/>
  <system-out/>
  <testcase name="testCancelHelpRequestSuccess" time="0.258" classname="ServiceLayerTests"/>
  <system-out/>
  <testcase name="testUpdateHelpRequestNoRecord" time="0.001" classname="ServiceLayerTests"/>
  <system-out/>
  <testcase name="testUpdateTicketNoTicket" time="0.001" classname="ServiceLayerTests"/>
  <system-out/>
  <testcase name="viewHelpTicketNoOpenTicket" time="0.234" classname="ServiceLayerTests"/>
  <system-out/>
</testsuite> <!-- ServiceLayerTests -->
