<?xml version="1.0" encoding="UTF-8"?>
<!-- Generated by org.testng.reporters.JUnitReportReporter -->
<testsuite skipped="0" hostname="LAPTOP-1PUKD7H5" name="ServiceLayerTests" tests="26" failures="0" timestamp="2022-04-27T12:22:35 EDT" time="4.545" errors="0">
  <testcase name="testDoLoginSuccess" time="0.021" classname="ServiceLayerTests"/>
  <system-out/>
  <testcase name="testCreateHelpRequestSuccess" time="0.584" classname="ServiceLayerTests"/>
  <system-out/>
  <testcase name="testUpdateTicketNegativeComment" time="0.002" classname="ServiceLayerTests"/>
  <system-out/>
  <testcase name="testCreateHelpTicketSuccess" time="0.491" classname="ServiceLayerTests"/>
  <system-out/>
  <testcase name="testUpdatePersonalInfoLastNameSuccess" time="0.251" classname="ServiceLayerTests"/>
  <system-out/>
  <testcase name="testUpdatePersonalInfoFirstNameSuccess" time="0.246" classname="ServiceLayerTests"/>
  <system-out/>
  <testcase name="testDoLoginBadUsername" time="0.001" classname="ServiceLayerTests"/>
  <system-out/>
  <testcase name="testUpdateTicketSuccess" time="0.468" classname="ServiceLayerTests"/>
  <system-out/>
  <testcase name="testCreateHelpRequestOneAlreadyExists" time="0.001" classname="ServiceLayerTests"/>
  <system-out/>
  <testcase name="testUpdatePersonalInfoTooManyCharacters" time="0.004" classname="ServiceLayerTests"/>
  <system-out/>
  <testcase name="testDoLoginBadPassword" time="0.002" classname="ServiceLayerTests"/>
  <system-out/>
  <testcase name="testUpdateHelpRequestDescriptionLong" time="0.002" classname="ServiceLayerTests"/>
  <system-out/>
  <testcase name="testCreateHelpRequestDescriptionTooLong" time="0.001" classname="ServiceLayerTests"/>
  <system-out/>
  <testcase name="viewHelpTicketSuccess" time="0.232" classname="ServiceLayerTests"/>
  <system-out/>
  <testcase name="testCreateHelpTicketCommentTooLong" time="0.001" classname="ServiceLayerTests"/>
  <system-out/>
  <testcase name="testCreateHelpTicketOneAlreadyExists" time="0.232" classname="ServiceLayerTests"/>
  <system-out/>
  <testcase name="testUpdateHelpRequestSuccess" time="0.475" classname="ServiceLayerTests"/>
  <system-out/>
  <testcase name="testCreateHelpTicketIncorrectCategory" time="0.001" classname="ServiceLayerTests"/>
  <system-out/>
  <testcase name="resolveTicketSuccess" time="0.543" classname="ServiceLayerTests"/>
  <system-out/>
  <testcase name="viewHelpRequestSuccess" time="0.236" classname="ServiceLayerTests"/>
  <system-out/>
  <testcase name="testViewHelpRequestNoRecord" time="0.257" classname="ServiceLayerTests"/>
  <system-out/>
  <testcase name="testCancelRecordNotFound" time="0.005" classname="ServiceLayerTests"/>
  <system-out/>
  <testcase name="testCancelHelpRequestSuccess" time="0.250" classname="ServiceLayerTests"/>
  <system-out/>
  <testcase name="testUpdateHelpRequestNoRecord" time="0.002" classname="ServiceLayerTests"/>
  <system-out/>
  <testcase name="testUpdateTicketNoTicket" time="0.003" classname="ServiceLayerTests"/>
  <system-out/>
  <testcase name="viewHelpTicketNoOpenTicket" time="0.234" classname="ServiceLayerTests"/>
  <system-out/>
</testsuite> <!-- ServiceLayerTests -->
