<?xml version="1.0" encoding="UTF-8"?>
<!-- Generated by org.testng.reporters.JUnitReportReporter -->
<testsuite skipped="0" hostname="LAPTOP-1PUKD7H5" name="DataAccessTests" tests="6" failures="0" timestamp="2022-04-27T13:49:00 EDT" time="2.232" errors="0">
  <testcase name="insetObjectDbSuccess" time="0.969" classname="DataAccessTests"/>
  <system-out/>
  <testcase name="updateObjectDBSuccessLastName" time="0.242" classname="DataAccessTests"/>
  <system-out/>
  <testcase name="selectObjectDBSuccess" time="0.258" classname="DataAccessTests"/>
  <system-out/>
  <testcase name="updateObjectDBSuccessFirstName" time="0.251" classname="DataAccessTests"/>
  <system-out/>
  <testcase name="selectObjectsDBSuccess" time="0.274" classname="DataAccessTests"/>
  <system-out/>
  <testcase name="deleteObjectDbSuccess" time="0.238" classname="DataAccessTests"/>
  <system-out/>
</testsuite> <!-- DataAccessTests -->
