<?xml version="1.0" encoding="UTF-8"?>
<!-- Generated by org.testng.reporters.JUnitReportReporter -->
<testsuite skipped="0" hostname="LAPTOP-1PUKD7H5" name="DataAccessTests" tests="6" failures="0" timestamp="2022-04-27T16:24:24 EDT" time="1.713" errors="0">
  <testcase name="insetObjectDbSuccess" time="0.284" classname="DataAccessTests"/>
  <system-out/>
  <testcase name="selectObjectsDBSuccess" time="0.273" classname="DataAccessTests"/>
  <system-out/>
  <testcase name="updateObjectDBSuccessFirstName" time="0.287" classname="DataAccessTests"/>
  <system-out/>
  <testcase name="updateObjectDBSuccessLastName" time="0.259" classname="DataAccessTests"/>
  <system-out/>
  <testcase name="selectObjectDBSuccess" time="0.311" classname="DataAccessTests"/>
  <system-out/>
  <testcase name="deleteObjectDbSuccess" time="0.299" classname="DataAccessTests"/>
  <system-out/>
</testsuite> <!-- DataAccessTests -->
