<?xml version="1.0" encoding="UTF-8"?>
<!-- Generated by org.testng.reporters.JUnitReportReporter -->
<testsuite skipped="0" hostname="LAPTOP-1PUKD7H5" name="DataAccessTests" tests="6" failures="0" timestamp="2022-04-27T18:39:50 EDT" time="3.642" errors="0">
  <testcase name="insetObjectDbSuccess" time="2.003" classname="DataAccessTests"/>
  <system-out/>
  <testcase name="updateObjectDBSuccessLastName" time="0.377" classname="DataAccessTests"/>
  <system-out/>
  <testcase name="selectObjectDBSuccess" time="0.251" classname="DataAccessTests"/>
  <system-out/>
  <testcase name="selectObjectsDBSuccess" time="0.329" classname="DataAccessTests"/>
  <system-out/>
  <testcase name="updateObjectDBSuccessFirstName" time="0.379" classname="DataAccessTests"/>
  <system-out/>
  <testcase name="deleteObjectDbSuccess" time="0.303" classname="DataAccessTests"/>
  <system-out/>
</testsuite> <!-- DataAccessTests -->
