<?xml version="1.0" encoding="UTF-8"?>
<!-- Generated by org.testng.reporters.JUnitReportReporter -->
<testsuite skipped="0" hostname="LAPTOP-1PUKD7H5" name="DataAccessTests" tests="6" failures="0" timestamp="2022-04-27T12:22:35 EDT" time="1.531" errors="0">
  <testcase name="insetObjectDbSuccess" time="0.268" classname="DataAccessTests"/>
  <system-out/>
  <testcase name="selectObjectDBSuccess" time="0.255" classname="DataAccessTests"/>
  <system-out/>
  <testcase name="updateObjectDBSuccessFirstName" time="0.248" classname="DataAccessTests"/>
  <system-out/>
  <testcase name="updateObjectDBSuccessLastName" time="0.252" classname="DataAccessTests"/>
  <system-out/>
  <testcase name="selectObjectsDBSuccess" time="0.264" classname="DataAccessTests"/>
  <system-out/>
  <testcase name="deleteObjectDbSuccess" time="0.244" classname="DataAccessTests"/>
  <system-out/>
</testsuite> <!-- DataAccessTests -->
