<?xml version="1.0" encoding="UTF-8"?>
<!-- Generated by org.testng.reporters.JUnitReportReporter -->
<testsuite skipped="0" hostname="LAPTOP-1PUKD7H5" name="EntityTests" tests="12" failures="0" timestamp="2022-04-27T17:01:38 EDT" time="0.003" errors="0">
  <testcase name="returnSqlForSelectOne" time="0.000" classname="EntityTests"/>
  <system-out/>
  <testcase name="updateEmployeeSuccess" time="0.001" classname="EntityTests"/>
  <system-out/>
  <testcase name="returnDeleteRequest" time="0.001" classname="EntityTests"/>
  <system-out/>
  <testcase name="sanitizeFromApiTestDescriptionEmpty" time="0.000" classname="EntityTests"/>
  <system-out/>
  <testcase name="sanitizeFromApiTestDescriptionNull" time="0.000" classname="EntityTests"/>
  <system-out/>
  <testcase name="sanitizeFromApiTestIdValuesNotConvertibleIsEmpty" time="0.000" classname="EntityTests"/>
  <system-out/>
  <testcase name="sanitizeFromApiTestNoTableName" time="0.000" classname="EntityTests"/>
  <system-out/>
  <testcase name="sanitizeFromApiTestSuccess" time="0.000" classname="EntityTests"/>
  <system-out/>
  <testcase name="sanitizeFromApiTestTokenSuccess" time="0.000" classname="EntityTests"/>
  <system-out/>
  <testcase name="sanitizeFromApiTestIdValuesNotConvertibleNoUnderscore" time="0.001" classname="EntityTests"/>
  <system-out/>
  <testcase name="returnInsertQuerySuccess" time="0.000" classname="EntityTests"/>
  <system-out/>
  <testcase name="sanitizeFromApiTestIdValuesNotConvertible" time="0.000" classname="EntityTests"/>
  <system-out/>
</testsuite> <!-- EntityTests -->
